[02-May-2024 11:24:32 UTC] PHP Warning:  include(/home/u850013731/domains/cmabhavsarassoc.in/public_html/wp-content/advanced-cache.php): failed to open stream: No such file or directory in /home/u850013731/domains/cmabhavsarassoc.in/public_html/wp-settings.php on line 65
[02-May-2024 11:24:32 UTC] PHP Warning:  include(): Failed opening '/home/u850013731/domains/cmabhavsarassoc.in/public_html/wp-content/advanced-cache.php' for inclusion (include_path='.:/opt/alt/php74/usr/share/pear') in /home/u850013731/domains/cmabhavsarassoc.in/public_html/wp-settings.php on line 65
[02-May-2024 11:24:32 UTC] PHP Deprecated:  Methods with the same name as their class will not be constructors in a future version of PHP; Translation_Entry has a deprecated constructor in /home/u850013731/domains/cmabhavsarassoc.in/public_html/wp-includes/pomo/entry.php on line 14
[02-May-2024 11:24:32 UTC] PHP Deprecated:  Methods with the same name as their class will not be constructors in a future version of PHP; POMO_Reader has a deprecated constructor in /home/u850013731/domains/cmabhavsarassoc.in/public_html/wp-includes/pomo/streams.php on line 12
[02-May-2024 11:24:32 UTC] PHP Deprecated:  Methods with the same name as their class will not be constructors in a future version of PHP; POMO_FileReader has a deprecated constructor in /home/u850013731/domains/cmabhavsarassoc.in/public_html/wp-includes/pomo/streams.php on line 120
[02-May-2024 11:24:32 UTC] PHP Deprecated:  Methods with the same name as their class will not be constructors in a future version of PHP; POMO_StringReader has a deprecated constructor in /home/u850013731/domains/cmabhavsarassoc.in/public_html/wp-includes/pomo/streams.php on line 175
[02-May-2024 11:24:32 UTC] PHP Deprecated:  Methods with the same name as their class will not be constructors in a future version of PHP; POMO_CachedFileReader has a deprecated constructor in /home/u850013731/domains/cmabhavsarassoc.in/public_html/wp-includes/pomo/streams.php on line 221
[02-May-2024 11:24:32 UTC] PHP Deprecated:  Methods with the same name as their class will not be constructors in a future version of PHP; POMO_CachedIntFileReader has a deprecated constructor in /home/u850013731/domains/cmabhavsarassoc.in/public_html/wp-includes/pomo/streams.php on line 236
[02-May-2024 11:24:32 UTC] PHP Deprecated:  Methods with the same name as their class will not be constructors in a future version of PHP; WP_Widget_Factory has a deprecated constructor in /home/u850013731/domains/cmabhavsarassoc.in/public_html/wp-includes/widgets.php on line 544
[02-May-2024 11:24:32 UTC] PHP Deprecated:  Methods with the same name as their class will not be constructors in a future version of PHP; WP_Widget_Custom_CF7 has a deprecated constructor in /home/u850013731/domains/cmabhavsarassoc.in/public_html/wp-content/plugins/contact-form-7-widget/contact-form-7-widget.php on line 11
[02-May-2024 11:24:32 UTC] PHP Deprecated:  Function create_function() is deprecated in /home/u850013731/domains/cmabhavsarassoc.in/public_html/wp-content/plugins/easy-social-icons/easy-social-icons.php on line 712
[02-May-2024 11:24:32 UTC] PHP Deprecated:  Methods with the same name as their class will not be constructors in a future version of PHP; PageExcerptWidget has a deprecated constructor in /home/u850013731/domains/cmabhavsarassoc.in/public_html/wp-content/plugins/page-excerpt-widget/jmh_pew.php on line 13
[02-May-2024 11:24:32 UTC] PHP Fatal error:  Uncaught Error: Call to undefined function wp_installing() in /home/u850013731/domains/cmabhavsarassoc.in/public_html/wp-content/plugins/litespeed-cache/src/object.lib.php:1076
Stack trace:
#0 /home/u850013731/domains/cmabhavsarassoc.in/public_html/wp-content/plugins/litespeed-cache/src/object.lib.php(806): WP_Object_Cache->_transient_get('tw_requirements...', 'transient')
#1 /home/u850013731/domains/cmabhavsarassoc.in/public_html/wp-content/plugins/litespeed-cache/src/object.lib.php(160): WP_Object_Cache->get('tw_requirements...', 'transient', false, false)
#2 /home/u850013731/domains/cmabhavsarassoc.in/public_html/wp-includes/option.php(603): wp_cache_get('tw_requirements...', 'transient')
#3 /home/u850013731/domains/cmabhavsarassoc.in/public_html/wp-content/plugins/testimonials-widget/includes/requirements.php(25): get_transient('tw_requirements...')
#4 /home/u850013731/domains/cmabhavsarassoc.in/public_html/wp-content/plugins/testimonials-widget/testimonials-widget.php(75): tw_requirements_check()
#5 /hom in /home/u850013731/domains/cmabhavsarassoc.in/public_html/wp-content/plugins/litespeed-cache/src/object.lib.php on line 1076
